commit a20ff9dace88931306c322bc9647336da7a3b435
Author: vdahuja <vdahuja@guidewire.com>
Date:   Fri Feb 16 15:10:17 2018 -0800

    IDE-4601: get() in Java class should not create an empty property

commit 0734c655de5ae82cd1c97d8ba99b38c11d241507
Author: Vladimir Rumiantcev <vrumiantcev@guidewire.com>
Date:   Mon Aug 7 18:01:23 2017 -0700

    IDE-4064 StackOverflowError when implementing methods for ISequenceable

commit db89c2d30f6379f186180d1acb432ae572869cfc
Author: Bob Goldberg <bgoldberg@guidewire.com>
Date:   Wed Aug 2 18:15:30 2017 -0700

    Fix name of class in test file

commit c0fca295fbbb194e90196bf3a27b5c508e404806
Author: Bob Goldberg <bgoldberg@guidewire.com>
Date:   Wed Aug 2 14:42:18 2017 -0700

    Add Errant test for IDE-4166: Diamond inference

commit a387a6d2c807855f1a46f98e1f7374c6238949a9
Author: Vladimir Rumiantcev <vrumiantcev@guidewire.com>
Date:   Wed Aug 2 11:46:32 2017 -0700

    IDE-4124 ParseResultsException occurs in scratchpad when 'uses' statement is not the first

commit 3380d919d10c4969e62688e3c9fe00ac7d4e51d4
Author: Richard Berlin <rberlin@guidewire.com>
Date:   Fri Jul 7 17:47:32 2017 -0700

    Enable tests for IDE-4106

commit 1fb4dd9344e9f5d1249fbeb7a4bc628aa017245a
Author: Bob Goldberg <bgoldberg@guidewire.com>
Date:   Thu Jul 6 19:51:16 2017 -0700

    Test for IDE-4142 and IDE-4166

commit 089e46c1f5e321635d893f8323c5b999a29948bf
Author: Vladimir Rumiantcev <vrumiantcev@guidewire.com>
Date:   Mon Jul 3 15:16:57 2017 -0700

    IDE-3970 Throwable when quick fix to implement abstract method in an enum
